[2025-05-02 17:58:21,052: INFO: main: welcome to my log]
[2025-05-02 21:55:09,195: INFO: comman: yaml file: config\config.yaml loaded successfully]
[2025-05-02 21:55:09,226: INFO: comman: yaml file: params.yaml loaded successfully]
[2025-05-02 21:55:09,232: INFO: comman: created directory at: artifacts]
[2025-05-02 21:55:09,236: INFO: comman: created directory at: artifacts/data_ingestion]
[2025-05-02 21:55:09,240: INFO: 986331348: Downloading data from https://drive.google.com/file/d/1vlhZ5c7abUKF8xXERIw6m9Te8fW7ohw3/view?usp=sharing into file artifacts/data_ingestion/data.zip]
[2025-05-02 21:56:57,626: INFO: 986331348: Downloaded data from https://drive.google.com/file/d/1vlhZ5c7abUKF8xXERIw6m9Te8fW7ohw3/view?usp=sharing into file artifacts/data_ingestion/data.zip]
[2025-05-06 15:35:32,897: INFO: comman: yaml file: config\config.yaml loaded successfully]
[2025-05-06 15:35:32,903: INFO: comman: yaml file: params.yaml loaded successfully]
[2025-05-06 15:35:32,904: INFO: comman: created directory at: artifacts]
[2025-05-06 15:35:32,904: INFO: comman: created directory at: artifacts/data_ingestion]
[2025-05-06 15:35:32,905: INFO: data_ingestion: Downloading data from https://drive.google.com/file/d/1vlhZ5c7abUKF8xXERIw6m9Te8fW7ohw3/view?usp=sharing into file artifacts/data_ingestion/data.zip]
[2025-05-06 15:37:26,730: INFO: data_ingestion: Downloaded data from https://drive.google.com/file/d/1vlhZ5c7abUKF8xXERIw6m9Te8fW7ohw3/view?usp=sharing into file artifacts/data_ingestion/data.zip]
[2025-05-06 18:48:00,026: INFO: main: >>>>>> stage Data Ingestion stage started <<<<<<]
[2025-05-06 18:48:00,047: INFO: comman: yaml file: config\config.yaml loaded successfully]
[2025-05-06 18:48:00,072: INFO: comman: yaml file: params.yaml loaded successfully]
[2025-05-06 18:48:00,072: INFO: comman: created directory at: artifacts]
[2025-05-06 18:48:00,072: INFO: comman: created directory at: artifacts/data_ingestion]
[2025-05-06 18:48:00,072: INFO: data_ingestion: Downloading data from https://drive.google.com/file/d/1vlhZ5c7abUKF8xXERIw6m9Te8fW7ohw3/view?usp=sharing into file artifacts/data_ingestion/data.zip]
[2025-05-06 18:48:15,116: INFO: data_ingestion: Downloaded data from https://drive.google.com/file/d/1vlhZ5c7abUKF8xXERIw6m9Te8fW7ohw3/view?usp=sharing into file artifacts/data_ingestion/data.zip]
[2025-05-06 18:48:16,710: INFO: main: >>>>>> stage Data Ingestion stage completed <<<<<<

x==========x]
[2025-05-06 20:51:39,190: INFO: comman: yaml file: config\config.yaml loaded successfully]
[2025-05-06 20:51:39,310: INFO: comman: yaml file: params.yaml loaded successfully]
[2025-05-06 20:51:39,310: INFO: comman: created directory at: artifacts]
[2025-05-06 20:51:39,339: INFO: comman: created directory at: artifacts/prepare_base_model]
[2025-05-06 20:53:08,520: INFO: comman: yaml file: config\config.yaml loaded successfully]
[2025-05-06 20:53:08,522: INFO: comman: yaml file: params.yaml loaded successfully]
[2025-05-06 20:53:08,524: INFO: comman: created directory at: artifacts]
[2025-05-06 20:53:08,526: INFO: comman: created directory at: artifacts/prepare_base_model]
[2025-05-06 20:54:49,115: WARNING: saving_api: You are saving your model as an HDF5 file via `model.save()` or `keras.saving.save_model(model)`. This file format is considered legacy. We recommend using instead the native Keras format, e.g. `model.save('my_model.keras')` or `keras.saving.save_model(model, 'my_model.keras')`. ]
[2025-05-06 20:54:49,688: WARNING: saving_api: You are saving your model as an HDF5 file via `model.save()` or `keras.saving.save_model(model)`. This file format is considered legacy. We recommend using instead the native Keras format, e.g. `model.save('my_model.keras')` or `keras.saving.save_model(model, 'my_model.keras')`. ]
[2025-05-06 21:33:04,804: INFO: main: >>>>>> stage Data Ingestion stage started <<<<<<]
[2025-05-06 21:33:04,819: INFO: comman: yaml file: config\config.yaml loaded successfully]
[2025-05-06 21:33:04,824: INFO: comman: yaml file: params.yaml loaded successfully]
[2025-05-06 21:33:04,827: INFO: comman: created directory at: artifacts]
[2025-05-06 21:33:04,829: INFO: comman: created directory at: artifacts/data_ingestion]
[2025-05-06 21:33:04,832: INFO: data_ingestion: Downloading data from https://drive.google.com/file/d/1vlhZ5c7abUKF8xXERIw6m9Te8fW7ohw3/view?usp=sharing into file artifacts/data_ingestion/data.zip]
[2025-05-06 21:34:39,002: INFO: data_ingestion: Downloaded data from https://drive.google.com/file/d/1vlhZ5c7abUKF8xXERIw6m9Te8fW7ohw3/view?usp=sharing into file artifacts/data_ingestion/data.zip]
[2025-05-06 21:34:40,973: INFO: main: >>>>>> stage Data Ingestion stage completed <<<<<<

x==========x]
[2025-05-06 21:34:40,973: INFO: main: *******************]
[2025-05-06 21:34:40,973: INFO: main: >>>>>> stage Prepare base model started <<<<<<]
[2025-05-06 21:34:40,983: INFO: comman: yaml file: config\config.yaml loaded successfully]
[2025-05-06 21:34:40,987: INFO: comman: yaml file: params.yaml loaded successfully]
[2025-05-06 21:34:40,988: INFO: comman: created directory at: artifacts]
[2025-05-06 21:34:40,990: INFO: comman: created directory at: artifacts/prepare_base_model]
[2025-05-06 21:34:41,764: WARNING: saving_api: You are saving your model as an HDF5 file via `model.save()` or `keras.saving.save_model(model)`. This file format is considered legacy. We recommend using instead the native Keras format, e.g. `model.save('my_model.keras')` or `keras.saving.save_model(model, 'my_model.keras')`. ]
[2025-05-06 21:34:42,126: WARNING: saving_api: You are saving your model as an HDF5 file via `model.save()` or `keras.saving.save_model(model)`. This file format is considered legacy. We recommend using instead the native Keras format, e.g. `model.save('my_model.keras')` or `keras.saving.save_model(model, 'my_model.keras')`. ]
[2025-05-06 21:34:42,630: INFO: main: >>>>>> stage Prepare base model completed <<<<<<

x==========x]
